[09:51:21] [Client thread/INFO]: Setting user: Player116
[09:51:24] [Client thread/WARN]: Skipping bad option: lastServer:
[09:51:24] [Client thread/INFO]: LWJGL Version: 2.9.4
[09:51:28] [Client thread/INFO]: Reloading ResourceManager: Default, FMLFileResourcePack:Forge Mod Loader, FMLFileResourcePack:Minecraft Forge, FMLFileResourcePack:Magia Mod
[09:51:31] [Sound Library Loader/INFO]: Starting up SoundSystem...
[09:51:31] [Thread-8/INFO]: Initializing LWJGL OpenAL
[09:51:31] [Thread-8/INFO]: (The LWJGL binding of OpenAL.  For more information, see http://www.lwjgl.org)
[09:51:31] [Thread-8/INFO]: OpenAL initialized.
[09:51:31] [Sound Library Loader/INFO]: Sound engine started
[09:51:34] [Client thread/INFO]: Created: 16x16 textures-atlas
[09:51:35] [Client thread/INFO]: Reloading ResourceManager: Default, FMLFileResourcePack:Forge Mod Loader, FMLFileResourcePack:Minecraft Forge, FMLFileResourcePack:Magia Mod
[09:51:38] [Client thread/INFO]: SoundSystem shutting down...
[09:51:38] [Client thread/WARN]: Author: Paul Lamb, www.paulscode.com
[09:51:38] [Sound Library Loader/INFO]: Starting up SoundSystem...
[09:51:38] [Thread-10/INFO]: Initializing LWJGL OpenAL
[09:51:38] [Thread-10/INFO]: (The LWJGL binding of OpenAL.  For more information, see http://www.lwjgl.org)
[09:51:38] [Thread-10/INFO]: OpenAL initialized.
[09:51:38] [Sound Library Loader/INFO]: Sound engine started
[09:51:41] [Client thread/INFO]: Created: 512x512 textures-atlas
[09:51:42] [Client thread/WARN]: Skipping bad option: lastServer:
[09:51:43] [Realms Notification Availability checker #1/INFO]: Could not authorize you against Realms server: Invalid session id
[09:52:01] [Server thread/INFO]: Starting integrated minecraft server version 1.10.2
[09:52:01] [Server thread/INFO]: Generating keypair
[09:52:01] [Server thread/INFO]: Preparing start region for level 0
[09:52:02] [Server thread/INFO]: Preparing spawn area: 43%
[09:52:03] [Server thread/INFO]: Changing view distance to 12, from 10
[09:52:04] [Server thread/INFO]: Player116[local:E:27caa111] logged in with entity id 388 at (217.5, 64.0, 233.5)
[09:52:04] [Server thread/INFO]: Player116 joined the game
[09:52:05] [Server thread/INFO]: Saving and pausing game...
[09:52:05] [Server thread/INFO]: Saving chunks for level 'Test'/Overworld
[09:52:05] [Server thread/INFO]: Saving chunks for level 'Test'/Nether
[09:52:05] [Server thread/INFO]: Saving chunks for level 'Test'/The End
[09:52:06] [pool-2-thread-1/WARN]: Couldn't look up profile properties for com.mojang.authlib.GameProfile@714a8d8e[id=dfdc5dbd-4a0e-3b6a-a815-601a03741434,name=Player116,properties={},legacy=false]
com.mojang.authlib.exceptions.AuthenticationException: The client has sent too many requests within a certain amount of time
	at com.mojang.authlib.yggdrasil.YggdrasilAuthenticationService.makeRequest(YggdrasilAuthenticationService.java:65) ~[YggdrasilAuthenticationService.class:?]
	at com.mojang.authlib.yggdrasil.YggdrasilMinecraftSessionService.fillGameProfile(YggdrasilMinecraftSessionService.java:175) [YggdrasilMinecraftSessionService.class:?]
	at com.mojang.authlib.yggdrasil.YggdrasilMinecraftSessionService$1.load(YggdrasilMinecraftSessionService.java:59) [YggdrasilMinecraftSessionService$1.class:?]
	at com.mojang.authlib.yggdrasil.YggdrasilMinecraftSessionService$1.load(YggdrasilMinecraftSessionService.java:56) [YggdrasilMinecraftSessionService$1.class:?]
	at com.google.common.cache.LocalCache$LoadingValueReference.loadFuture(LocalCache.java:3524) [guava-17.0.jar:?]
	at com.google.common.cache.LocalCache$Segment.loadSync(LocalCache.java:2317) [guava-17.0.jar:?]
	at com.google.common.cache.LocalCache$Segment.lockedGetOrLoad(LocalCache.java:2280) [guava-17.0.jar:?]
	at com.google.common.cache.LocalCache$Segment.get(LocalCache.java:2195) [guava-17.0.jar:?]
	at com.google.common.cache.LocalCache.get(LocalCache.java:3934) [guava-17.0.jar:?]
	at com.google.common.cache.LocalCache.getOrLoad(LocalCache.java:3938) [guava-17.0.jar:?]
	at com.google.common.cache.LocalCache$LocalLoadingCache.get(LocalCache.java:4821) [guava-17.0.jar:?]
	at com.google.common.cache.LocalCache$LocalLoadingCache.getUnchecked(LocalCache.java:4827) [guava-17.0.jar:?]
	at com.mojang.authlib.yggdrasil.YggdrasilMinecraftSessionService.fillProfileProperties(YggdrasilMinecraftSessionService.java:165) [YggdrasilMinecraftSessionService.class:?]
	at net.minecraft.client.Minecraft.getProfileProperties(Minecraft.java:3060) [Minecraft.class:?]
	at net.minecraft.client.resources.SkinManager$3.run(SkinManager.java:131) [SkinManager$3.class:?]
	at java.util.concurrent.Executors$RunnableAdapter.call(Executors.java:511) [?:1.8.0_141]
	at java.util.concurrent.FutureTask.run(FutureTask.java:266) [?:1.8.0_141]
	at java.util.concurrent.ThreadPoolExecutor.runWorker(ThreadPoolExecutor.java:1149) [?:1.8.0_141]
	at java.util.concurrent.ThreadPoolExecutor$Worker.run(ThreadPoolExecutor.java:624) [?:1.8.0_141]
	at java.lang.Thread.run(Thread.java:748) [?:1.8.0_141]
[09:52:06] [Server thread/INFO]: Saving and pausing game...
[09:52:06] [Server thread/INFO]: Saving chunks for level 'Test'/Overworld
[09:52:06] [Server thread/INFO]: Saving chunks for level 'Test'/Nether
[09:52:06] [Server thread/INFO]: Saving chunks for level 'Test'/The End
[09:52:22] [Server thread/INFO]: Player116 has just earned the achievement [Taking Inventory]
[09:52:22] [Client thread/INFO]: [CHAT] Player116 has just earned the achievement [Taking Inventory]
[09:54:39] [Client thread/INFO]: Stopping!
[09:54:39] [Client thread/INFO]: SoundSystem shutting down...
[09:54:39] [Server thread/INFO]: Stopping server
[09:54:39] [Server thread/INFO]: Saving players
[09:54:39] [Server thread/INFO]: Saving worlds
[09:54:39] [Server thread/INFO]: Saving chunks for level 'Test'/Overworld
[09:54:39] [Server thread/INFO]: Saving chunks for level 'Test'/Nether
[09:54:39] [Server thread/INFO]: Saving chunks for level 'Test'/The End
[09:54:39] [Client thread/WARN]: Author: Paul Lamb, www.paulscode.com
[09:54:39] [Client Shutdown Thread/INFO]: Stopping server
[09:54:39] [Client Shutdown Thread/INFO]: Saving players
[09:54:39] [Client Shutdown Thread/INFO]: Saving worlds
[09:54:39] [Client Shutdown Thread/INFO]: Saving chunks for level 'Test'/Overworld
